p/1599971263800.jpg 1 0 0 345 170
p/1599971256601.jpg 1 0 0 345 170
p/1599971254558.jpg 1 0 0 417 220
p/1599971250673.jpg 1 0 0 355 226
p/1599971248303.jpg 1 0 0 318 253
p/1599971245230.jpg 1 0 0 343 230
p/1599971242992.jpg 1 0 0 376 236
p/1599971240620.jpg 1 0 0 365 222
p/1599971234331.jpg 1 0 0 390 222
p/1599971231805.jpg 1 0 0 372 232
p/1599971226462.jpg 1 0 0 417 234
p/1599971223352.jpg 1 0 0 452 228
p/1599971220591.jpg 1 0 0 400 230
p/1599971216337.jpg 1 0 0 441 277
p/1599971213745.jpg 1 0 0 421 287
p/1599971210893.jpg 1 0 0 417 261
p/1599971202800.jpg 1 0 0 394 238
p/1599971200325.jpg 1 0 0 398 244
p/1599971194462.jpg 1 0 0 335 201
p/1599971187489.jpg 1 0 0 411 236
p/1599971184387.jpg 1 0 0 405 269
p/1599971181089.jpg 1 0 0 415 287
p/1599971173399.jpg 1 0 0 370 240
p/1599971168860.jpg 1 0 0 372 224
p/1599971162714.jpg 1 0 0 353 257
p/1599971159318.jpg 1 0 0 343 240
p/1599971156121.jpg 1 0 0 380 232
p/1599971153682.jpg 1 0 0 441 259
p/1599971151110.jpg 1 0 0 452 220
p/1599971144016.jpg 1 0 0 402 255
p/1599971139074.jpg 1 0 0 407 195
p/1599971136431.jpg 1 0 0 398 214
p/1599971129156.jpg 1 0 0 400 214
p/1599971126505.jpg 1 0 0 394 187
p/1599971124108.jpg 1 0 0 390 209
p/1599971121654.jpg 1 0 0 405 220
p/1599971119387.jpg 1 0 0 402 199
p/1599971116851.jpg 1 0 0 396 199
p/1599971114254.jpg 1 0 0 398 211
p/1599971111659.jpg 1 0 0 382 195
p/1599971109383.jpg 1 0 0 365 187
p/1599971106399.jpg 1 0 0 392 211
p/1599971104113.jpg 1 0 0 359 197
p/1599971101408.jpg 1 0 0 357 199
p/1599971098742.jpg 1 0 0 349 181
p/1599971096246.jpg 1 0 0 382 205
p/1599971092683.jpg 1 0 0 378 191
p/1599971090317.jpg 1 0 0 363 209
p/1599971087673.jpg 1 0 0 372 207
p/1599971085496.jpg 1 0 0 335 191
p/1599971082841.jpg 1 0 0 345 177
p/1599971080195.jpg 1 0 0 390 199
p/1599971077214.jpg 1 0 0 394 218
p/1599971074646.jpg 1 0 0 392 193
p/1599971071707.jpg 1 0 0 372 199
p/1599971069087.jpg 1 0 0 365 187
p/1599971066614.jpg 1 0 0 388 199
p/1599971064088.jpg 1 0 0 368 207
p/1599971061697.jpg 1 0 0 374 197
p/1599971059153.jpg 1 0 0 394 216
p/1599971056064.jpg 1 0 0 343 207
p/1599971046113.jpg 1 0 0 388 240
p/1599971043634.jpg 1 0 0 372 199
p/1599971040967.jpg 1 0 0 368 191
p/1599970991627.jpg 1 0 0 363 211
p/1599970988492.jpg 1 0 0 372 168
p/1599970980765.jpg 1 0 0 372 175
p/1599970977691.jpg 1 0 0 340 199
p/1599970974780.jpg 1 0 0 362 202
p/1599970971212.jpg 1 0 0 352 232
p/1599970963804.jpg 1 0 0 346 192